"GET /logout/ HTTP/1.1" 200 4226
"GET /login/ HTTP/1.1" 200 2342
"POST /login/ HTTP/1.1" 302 0
"GET /portal/ HTTP/1.1" 200 5696
"GET /logout/ HTTP/1.1" 200 4226
"GET /login/ HTTP/1.1" 200 2342
Internal Server Error: /login/
Traceback (most recent call last):
  File "/Users/kazv/Documents/Programming/Environments/VanBoven/website/lib/python3.7/site-packages/django/core/handlers/exception.py", line 34, in inner
    response = get_response(request)
  File "/Users/kazv/Documents/Programming/Environments/VanBoven/website/lib/python3.7/site-packages/django/core/handlers/base.py", line 126, in _get_response
    response = self.process_exception_by_middleware(e, request)
  File "/Users/kazv/Documents/Programming/Environments/VanBoven/website/lib/python3.7/site-packages/django/core/handlers/base.py", line 124, in _get_response
    response = wrapped_callback(request, *callback_args, **callback_kwargs)
  File "/Users/kazv/Documents/Programming/Environments/VanBoven/website/lib/python3.7/site-packages/django/views/generic/base.py", line 68, in view
    return self.dispatch(request, *args, **kwargs)
  File "/Users/kazv/Documents/Programming/Environments/VanBoven/website/lib/python3.7/site-packages/django/utils/decorators.py", line 45, in _wrapper
    return bound_method(*args, **kwargs)
  File "/Users/kazv/Documents/Programming/Environments/VanBoven/website/lib/python3.7/site-packages/django/views/decorators/debug.py", line 76, in sensitive_post_parameters_wrapper
    return view(request, *args, **kwargs)
  File "/Users/kazv/Documents/Programming/Environments/VanBoven/website/lib/python3.7/site-packages/django/utils/decorators.py", line 45, in _wrapper
    return bound_method(*args, **kwargs)
  File "/Users/kazv/Documents/Programming/Environments/VanBoven/website/lib/python3.7/site-packages/django/utils/decorators.py", line 142, in _wrapped_view
    response = view_func(request, *args, **kwargs)
  File "/Users/kazv/Documents/Programming/Environments/VanBoven/website/lib/python3.7/site-packages/django/utils/decorators.py", line 45, in _wrapper
    return bound_method(*args, **kwargs)
  File "/Users/kazv/Documents/Programming/Environments/VanBoven/website/lib/python3.7/site-packages/django/views/decorators/cache.py", line 44, in _wrapped_view_func
    response = view_func(request, *args, **kwargs)
  File "/Users/kazv/Documents/Programming/Environments/VanBoven/website/lib/python3.7/site-packages/django/contrib/auth/views.py", line 61, in dispatch
    return super().dispatch(request, *args, **kwargs)
  File "/Users/kazv/Documents/Programming/Environments/VanBoven/website/lib/python3.7/site-packages/django/views/generic/base.py", line 88, in dispatch
    return handler(request, *args, **kwargs)
  File "/Users/kazv/Documents/Programming/Environments/VanBoven/website/lib/python3.7/site-packages/django/views/generic/edit.py", line 142, in post
    return self.form_valid(form)
  File "/Users/kazv/Documents/Programming/Environments/VanBoven/website/lib/python3.7/site-packages/django/contrib/auth/views.py", line 90, in form_valid
    auth_login(self.request, form.get_user())
  File "/Users/kazv/Documents/Programming/Environments/VanBoven/website/lib/python3.7/site-packages/django/contrib/auth/__init__.py", line 132, in login
    user_logged_in.send(sender=user.__class__, request=request, user=user)
  File "/Users/kazv/Documents/Programming/Environments/VanBoven/website/lib/python3.7/site-packages/django/dispatch/dispatcher.py", line 175, in send
    for receiver in self._live_receivers(sender)
  File "/Users/kazv/Documents/Programming/Environments/VanBoven/website/lib/python3.7/site-packages/django/dispatch/dispatcher.py", line 175, in <listcomp>
    for receiver in self._live_receivers(sender)
  File "/Users/kazv/Documents/Programming/VanBoven/MijnVanBoven/portal/signals.py", line 26, in user_logged_in_callback
    logger.log('Message log')
TypeError: log() missing 1 required positional argument: 'msg'
"POST /login/ HTTP/1.1" 500 129107
Not Found: /favicon.ico
"GET /favicon.ico HTTP/1.1" 404 3192
Forbidden (CSRF token missing or incorrect.): /login/
"POST /login/ HTTP/1.1" 403 2513
Not Found: /favicon.ico
"GET /favicon.ico HTTP/1.1" 404 3192
Forbidden (CSRF token missing or incorrect.): /login/
"POST /login/ HTTP/1.1" 403 2513
Not Found: /favicon.ico
"GET /favicon.ico HTTP/1.1" 404 3192
"GET / HTTP/1.1" 302 0
"GET /login/ HTTP/1.1" 200 2342
"POST /login/ HTTP/1.1" 302 0
"GET /portal/ HTTP/1.1" 200 5696
"GET /portal/map/2/ HTTP/1.1" 200 9195
"GET /portal/map/1/ HTTP/1.1" 200 11797
Not Found: /media/data/c0_testuser/Maïs P1/20190101/17/67418/87377.png
Not Found: /media/data/c0_testuser/Maïs P1/20190101/17/67418/87378.png
"GET /media/data/c0_testuser/Ma%C3%AFs%20P1/20190101/17/67418/87378.png HTTP/1.1" 404 1948
Not Found: /media/data/c0_testuser/Maïs P1/20190101/17/67417/87377.png
Not Found: /media/data/c0_testuser/Maïs P1/20190101/17/67419/87377.png
"GET /media/data/c0_testuser/Ma%C3%AFs%20P1/20190101/17/67418/87377.png HTTP/1.1" 404 1948
Not Found: /media/data/c0_testuser/Maïs P1/20190101/17/67418/87376.png
"GET /media/data/c0_testuser/Ma%C3%AFs%20P1/20190101/17/67417/87377.png HTTP/1.1" 404 1948
"GET /media/data/c0_testuser/Ma%C3%AFs%20P1/20190101/17/67419/87377.png HTTP/1.1" 404 1948
Not Found: /media/data/c0_testuser/Maïs P1/20190101/17/67417/87378.png
"GET /media/data/c0_testuser/Ma%C3%AFs%20P1/20190101/17/67418/87376.png HTTP/1.1" 404 1948
"GET /media/data/c0_testuser/Ma%C3%AFs%20P1/20190101/17/67417/87378.png HTTP/1.1" 404 1948
Not Found: /media/data/c0_testuser/Maïs P1/20190101/17/67419/87378.png
"GET /media/data/c0_testuser/Ma%C3%AFs%20P1/20190101/17/67419/87378.png HTTP/1.1" 404 1948
Not Found: /media/data/c0_testuser/Maïs P1/20190101/17/67417/87376.png
Not Found: /media/data/c0_testuser/Maïs P1/20190101/17/67419/87376.png
"GET /media/data/c0_testuser/Ma%C3%AFs%20P1/20190101/17/67417/87376.png HTTP/1.1" 404 1948
"GET /media/data/c0_testuser/Ma%C3%AFs%20P1/20190101/17/67419/87376.png HTTP/1.1" 404 1948
Not Found: /media/data/c0_testuser/Maïs P1/20190101/17/67418/87379.png
Not Found: /media/data/c0_testuser/Maïs P1/20190101/17/67416/87377.png
"GET /media/data/c0_testuser/Ma%C3%AFs%20P1/20190101/17/67418/87379.png HTTP/1.1" 404 1948
Not Found: /media/data/c0_testuser/Maïs P1/20190101/17/67420/87377.png
"GET /media/data/c0_testuser/Ma%C3%AFs%20P1/20190101/17/67416/87377.png HTTP/1.1" 404 1948
"GET /media/data/c0_testuser/Ma%C3%AFs%20P1/20190101/17/67420/87377.png HTTP/1.1" 404 1948
Not Found: /media/data/c0_testuser/Maïs P1/20190101/17/67418/87375.png
"GET /media/data/c0_testuser/Ma%C3%AFs%20P1/20190101/17/67418/87375.png HTTP/1.1" 404 1948
Not Found: /media/data/c0_testuser/Maïs P1/20190101/17/67417/87379.png
Not Found: /media/data/c0_testuser/Maïs P1/20190101/17/67419/87379.png
"GET /media/data/c0_testuser/Ma%C3%AFs%20P1/20190101/17/67417/87379.png HTTP/1.1" 404 1948
Not Found: /media/data/c0_testuser/Maïs P1/20190101/17/67416/87378.png
"GET /media/data/c0_testuser/Ma%C3%AFs%20P1/20190101/17/67419/87379.png HTTP/1.1" 404 1948
Not Found: /media/data/c0_testuser/Maïs P1/20190101/17/67416/87376.png
Not Found: /media/data/c0_testuser/Maïs P1/20190101/17/67420/87378.png
Not Found: /media/data/c0_testuser/Maïs P1/20190101/17/67419/87375.png
"GET /media/data/c0_testuser/Ma%C3%AFs%20P1/20190101/17/67416/87378.png HTTP/1.1" 404 1948
"GET /media/data/c0_testuser/Ma%C3%AFs%20P1/20190101/17/67420/87378.png HTTP/1.1" 404 1948
"GET /media/data/c0_testuser/Ma%C3%AFs%20P1/20190101/17/67416/87376.png HTTP/1.1" 404 1948
"GET /media/data/c0_testuser/Ma%C3%AFs%20P1/20190101/17/67419/87375.png HTTP/1.1" 404 1948
Not Found: /media/data/c0_testuser/Maïs P1/20190101/17/67417/87375.png
Not Found: /media/data/c0_testuser/Maïs P1/20190101/17/67420/87376.png
"GET /media/data/c0_testuser/Ma%C3%AFs%20P1/20190101/17/67417/87375.png HTTP/1.1" 404 1948
"GET /media/data/c0_testuser/Ma%C3%AFs%20P1/20190101/17/67420/87376.png HTTP/1.1" 404 1948
Not Found: /media/data/c0_testuser/Maïs P1/20190101/17/67416/87379.png
Not Found: /media/data/c0_testuser/Maïs P1/20190101/17/67420/87379.png
Not Found: /media/data/c0_testuser/Maïs P1/20190101/17/67420/87375.png
"GET /media/data/c0_testuser/Ma%C3%AFs%20P1/20190101/17/67416/87379.png HTTP/1.1" 404 1948
"GET /media/data/c0_testuser/Ma%C3%AFs%20P1/20190101/17/67420/87379.png HTTP/1.1" 404 1948
Not Found: /media/data/c0_testuser/Maïs P1/20190101/17/67416/87375.png
"GET /media/data/c0_testuser/Ma%C3%AFs%20P1/20190101/17/67420/87375.png HTTP/1.1" 404 1948
"GET /media/data/c0_testuser/Ma%C3%AFs%20P1/20190101/17/67416/87375.png HTTP/1.1" 404 1948
Not Found: /media/data/c0_testuser/Maïs P1/20190101/17/67415/87377.png
Not Found: /media/data/c0_testuser/Maïs P1/20190101/17/67421/87377.png
"GET /media/data/c0_testuser/Ma%C3%AFs%20P1/20190101/17/67415/87377.png HTTP/1.1" 404 1948
"GET /media/data/c0_testuser/Ma%C3%AFs%20P1/20190101/17/67421/87377.png HTTP/1.1" 404 1948
Not Found: /media/data/c0_testuser/Maïs P1/20190101/17/67415/87378.png
"GET /media/data/c0_testuser/Ma%C3%AFs%20P1/20190101/17/67415/87378.png HTTP/1.1" 404 1948
Not Found: /media/data/c0_testuser/Maïs P1/20190101/17/67421/87378.png
Not Found: /media/data/c0_testuser/Maïs P1/20190101/17/67415/87376.png
Not Found: /media/data/c0_testuser/Maïs P1/20190101/17/67415/87379.png
Not Found: /media/data/c0_testuser/Maïs P1/20190101/17/67415/87375.png
"GET /media/data/c0_testuser/Ma%C3%AFs%20P1/20190101/17/67415/87379.png HTTP/1.1" 404 1948
Not Found: /media/data/c0_testuser/Maïs P1/20190101/17/67421/87376.png
"GET /media/data/c0_testuser/Ma%C3%AFs%20P1/20190101/17/67415/87375.png HTTP/1.1" 404 1948
"GET /media/data/c0_testuser/Ma%C3%AFs%20P1/20190101/17/67421/87378.png HTTP/1.1" 404 1948
"GET /media/data/c0_testuser/Ma%C3%AFs%20P1/20190101/17/67415/87376.png HTTP/1.1" 404 1948
"GET /media/data/c0_testuser/Ma%C3%AFs%20P1/20190101/17/67421/87376.png HTTP/1.1" 404 1948
Not Found: /media/data/c0_testuser/Maïs P1/20190101/17/67421/87379.png
"GET /media/data/c0_testuser/Ma%C3%AFs%20P1/20190101/17/67421/87379.png HTTP/1.1" 404 1948
Not Found: /media/data/c0_testuser/Maïs P1/20190101/17/67421/87375.png
"GET /media/data/c0_testuser/Ma%C3%AFs%20P1/20190101/17/67421/87375.png HTTP/1.1" 404 1948
"GET /portal/ HTTP/1.1" 200 5696
"GET /logout/ HTTP/1.1" 200 4226
"GET /login/ HTTP/1.1" 200 2342
"POST /login/ HTTP/1.1" 302 0
"GET /portal/ HTTP/1.1" 200 5696
"GET /logout/ HTTP/1.1" 200 4226
"GET /login/ HTTP/1.1" 200 2342
"POST /login/ HTTP/1.1" 302 0
"GET /portal/ HTTP/1.1" 200 5696
"GET /portal/map/3/ HTTP/1.1" 200 9192
"GET /static/portal/css/leaflet.css HTTP/1.1" 200 14138
"GET /static/portal/js/leaflet.js HTTP/1.1" 200 141125
"GET /static/portal/js/jquery-1.9.1.min.js HTTP/1.1" 200 92629
"GET /static/portal/css/jquery-ui.css HTTP/1.1" 200 32877
"GET /static/portal/js/jquery-3.3.1.min.js HTTP/1.1" 200 86927
"GET /static/portal/js/jquery-ui.js HTTP/1.1" 200 450159
"GET /static/portal/css/layers_legend_box.css HTTP/1.1" 200 445
"GET /static/portal/css/L.Control.Locate.css HTTP/1.1" 200 516
"GET /static/portal/css/L.Control.Locate.min.css HTTP/1.1" 200 431
"GET /static/portal/css/dashboard.css HTTP/1.1" 200 1744
"GET /static/portal/css/main.css HTTP/1.1" 200 1255
"GET /static/portal/css/L.Control.Locate.min.css.map HTTP/1.1" 200 461
"GET /static/portal/js/SliderControl.js HTTP/1.1" 200 8321
"GET /static/portal/js/L.Control.Locate.min.js HTTP/1.1" 200 12172
"GET /static/portal/js/L.Control.Locate.min.js.map HTTP/1.1" 200 13459
"GET /static/portal/images/logo_white_small_transparent.png HTTP/1.1" 200 11562
"GET /static/portal/images/layers.png HTTP/1.1" 200 696
"GET /static/portal/images/favico.ico HTTP/1.1" 200 1150
"GET /logout/ HTTP/1.1" 200 4226
"GET /login/ HTTP/1.1" 200 2342
"POST /login/ HTTP/1.1" 302 0
"GET /portal/ HTTP/1.1" 200 5696
"GET /portal/map/1/ HTTP/1.1" 200 11797
Not Found: /media/data/c0_testuser/Maïs P1/20190101/17/67418/87377.png
Not Found: /media/data/c0_testuser/Maïs P1/20190101/17/67418/87378.png
Not Found: /media/data/c0_testuser/Maïs P1/20190101/17/67417/87377.png
Not Found: /media/data/c0_testuser/Maïs P1/20190101/17/67419/87377.png
"GET /media/data/c0_testuser/Ma%C3%AFs%20P1/20190101/17/67418/87377.png HTTP/1.1" 404 1948
Not Found: /media/data/c0_testuser/Maïs P1/20190101/17/67418/87376.png
"GET /media/data/c0_testuser/Ma%C3%AFs%20P1/20190101/17/67418/87378.png HTTP/1.1" 404 1948
Not Found: /media/data/c0_testuser/Maïs P1/20190101/17/67417/87378.png
"GET /media/data/c0_testuser/Ma%C3%AFs%20P1/20190101/17/67417/87377.png HTTP/1.1" 404 1948
"GET /media/data/c0_testuser/Ma%C3%AFs%20P1/20190101/17/67419/87377.png HTTP/1.1" 404 1948
"GET /media/data/c0_testuser/Ma%C3%AFs%20P1/20190101/17/67418/87376.png HTTP/1.1" 404 1948
"GET /media/data/c0_testuser/Ma%C3%AFs%20P1/20190101/17/67417/87378.png HTTP/1.1" 404 1948
Not Found: /media/data/c0_testuser/Maïs P1/20190101/17/67418/87379.png
Not Found: /media/data/c0_testuser/Maïs P1/20190101/17/67417/87376.png
Not Found: /media/data/c0_testuser/Maïs P1/20190101/17/67419/87376.png
Not Found: /media/data/c0_testuser/Maïs P1/20190101/17/67419/87378.png
"GET /media/data/c0_testuser/Ma%C3%AFs%20P1/20190101/17/67417/87376.png HTTP/1.1" 404 1948
"GET /media/data/c0_testuser/Ma%C3%AFs%20P1/20190101/17/67419/87376.png HTTP/1.1" 404 1948
"GET /media/data/c0_testuser/Ma%C3%AFs%20P1/20190101/17/67419/87378.png HTTP/1.1" 404 1948
"GET /media/data/c0_testuser/Ma%C3%AFs%20P1/20190101/17/67418/87379.png HTTP/1.1" 404 1948
Not Found: /media/data/c0_testuser/Maïs P1/20190101/17/67418/87375.png
Not Found: /media/data/c0_testuser/Maïs P1/20190101/17/67420/87377.png
Not Found: /media/data/c0_testuser/Maïs P1/20190101/17/67417/87379.png
"GET /media/data/c0_testuser/Ma%C3%AFs%20P1/20190101/17/67418/87375.png HTTP/1.1" 404 1948
"GET /media/data/c0_testuser/Ma%C3%AFs%20P1/20190101/17/67420/87377.png HTTP/1.1" 404 1948
"GET /media/data/c0_testuser/Ma%C3%AFs%20P1/20190101/17/67417/87379.png HTTP/1.1" 404 1948
Not Found: /media/data/c0_testuser/Maïs P1/20190101/17/67416/87377.png
"GET /media/data/c0_testuser/Ma%C3%AFs%20P1/20190101/17/67416/87377.png HTTP/1.1" 404 1948
Not Found: /media/data/c0_testuser/Maïs P1/20190101/17/67419/87379.png
Not Found: /media/data/c0_testuser/Maïs P1/20190101/17/67420/87376.png
"GET /media/data/c0_testuser/Ma%C3%AFs%20P1/20190101/17/67420/87376.png HTTP/1.1" 404 1948
"GET /media/data/c0_testuser/Ma%C3%AFs%20P1/20190101/17/67419/87379.png HTTP/1.1" 404 1948
Not Found: /media/data/c0_testuser/Maïs P1/20190101/17/67420/87378.png
Not Found: /media/data/c0_testuser/Maïs P1/20190101/17/67416/87378.png
"GET /media/data/c0_testuser/Ma%C3%AFs%20P1/20190101/17/67420/87378.png HTTP/1.1" 404 1948
Not Found: /media/data/c0_testuser/Maïs P1/20190101/17/67416/87376.png
"GET /media/data/c0_testuser/Ma%C3%AFs%20P1/20190101/17/67416/87378.png HTTP/1.1" 404 1948
"GET /media/data/c0_testuser/Ma%C3%AFs%20P1/20190101/17/67416/87376.png HTTP/1.1" 404 1948
Not Found: /media/data/c0_testuser/Maïs P1/20190101/17/67417/87375.png
"GET /media/data/c0_testuser/Ma%C3%AFs%20P1/20190101/17/67417/87375.png HTTP/1.1" 404 1948
Not Found: /media/data/c0_testuser/Maïs P1/20190101/17/67419/87375.png
Not Found: /media/data/c0_testuser/Maïs P1/20190101/17/67420/87379.png
"GET /media/data/c0_testuser/Ma%C3%AFs%20P1/20190101/17/67420/87379.png HTTP/1.1" 404 1948
Not Found: /media/data/c0_testuser/Maïs P1/20190101/17/67416/87379.png
"GET /media/data/c0_testuser/Ma%C3%AFs%20P1/20190101/17/67416/87379.png HTTP/1.1" 404 1948
"GET /media/data/c0_testuser/Ma%C3%AFs%20P1/20190101/17/67419/87375.png HTTP/1.1" 404 1948
Not Found: /media/data/c0_testuser/Maïs P1/20190101/17/67420/87375.png
Not Found: /media/data/c0_testuser/Maïs P1/20190101/17/67415/87377.png
Not Found: /media/data/c0_testuser/Maïs P1/20190101/17/67416/87375.png
"GET /media/data/c0_testuser/Ma%C3%AFs%20P1/20190101/17/67420/87375.png HTTP/1.1" 404 1948
"GET /media/data/c0_testuser/Ma%C3%AFs%20P1/20190101/17/67415/87377.png HTTP/1.1" 404 1948
"GET /media/data/c0_testuser/Ma%C3%AFs%20P1/20190101/17/67416/87375.png HTTP/1.1" 404 1948
Not Found: /media/data/c0_testuser/Maïs P1/20190101/17/67421/87377.png
Not Found: /media/data/c0_testuser/Maïs P1/20190101/17/67415/87378.png
Not Found: /media/data/c0_testuser/Maïs P1/20190101/17/67421/87378.png
Not Found: /media/data/c0_testuser/Maïs P1/20190101/17/67415/87379.png
Not Found: /media/data/c0_testuser/Maïs P1/20190101/17/67421/87376.png
Not Found: /media/data/c0_testuser/Maïs P1/20190101/17/67415/87376.png
"GET /media/data/c0_testuser/Ma%C3%AFs%20P1/20190101/17/67421/87377.png HTTP/1.1" 404 1948
"GET /media/data/c0_testuser/Ma%C3%AFs%20P1/20190101/17/67415/87378.png HTTP/1.1" 404 1948
"GET /media/data/c0_testuser/Ma%C3%AFs%20P1/20190101/17/67415/87379.png HTTP/1.1" 404 1948
"GET /media/data/c0_testuser/Ma%C3%AFs%20P1/20190101/17/67421/87378.png HTTP/1.1" 404 1948
"GET /media/data/c0_testuser/Ma%C3%AFs%20P1/20190101/17/67421/87376.png HTTP/1.1" 404 1948
"GET /media/data/c0_testuser/Ma%C3%AFs%20P1/20190101/17/67415/87376.png HTTP/1.1" 404 1948
Not Found: /media/data/c0_testuser/Maïs P1/20190101/17/67415/87375.png
Not Found: /media/data/c0_testuser/Maïs P1/20190101/17/67421/87379.png
"GET /media/data/c0_testuser/Ma%C3%AFs%20P1/20190101/17/67415/87375.png HTTP/1.1" 404 1948
Not Found: /media/data/c0_testuser/Maïs P1/20190101/17/67421/87375.png
"GET /media/data/c0_testuser/Ma%C3%AFs%20P1/20190101/17/67421/87379.png HTTP/1.1" 404 1948
"GET /media/data/c0_testuser/Ma%C3%AFs%20P1/20190101/17/67421/87375.png HTTP/1.1" 404 1948
